[debug] [2020-01-26T13:10:47.304Z] ----------------------------------------------------------------------
[debug] [2020-01-26T13:10:47.306Z] Command:       /usr/bin/node /usr/bin/firebase serve
[debug] [2020-01-26T13:10:47.306Z] CLI Version:   7.12.1
[debug] [2020-01-26T13:10:47.306Z] Platform:      linux
[debug] [2020-01-26T13:10:47.306Z] Node Version:  v10.18.1
[debug] [2020-01-26T13:10:47.306Z] Time:          Sun Jan 26 2020 07:10:47 GMT-0600 (Central Standard Time)
[debug] [2020-01-26T13:10:47.306Z] ----------------------------------------------------------------------
[debug] [2020-01-26T13:10:47.307Z] 
[debug] [2020-01-26T13:10:47.313Z] > command requires scopes: ["email","openid","https://www.googleapis.com/auth/cloudplatformprojects.readonly","https://www.googleapis.com/auth/firebase","https://www.googleapis.com/auth/cloud-platform"]
[debug] [2020-01-26T13:10:47.313Z] > authorizing via signed-in user
[debug] [2020-01-26T13:10:47.314Z] [iam] checking project notional-plate-266304 for permissions ["firebase.projects.get"]
[debug] [2020-01-26T13:10:47.315Z] >>> HTTP REQUEST POST https://cloudresourcemanager.googleapis.com/v1/projects/notional-plate-266304:testIamPermissions  

[debug] [2020-01-26T13:10:47.486Z] <<< HTTP RESPONSE 200
[debug] [2020-01-26T13:10:47.488Z] >>> HTTP REQUEST GET https://firebase.googleapis.com/v1beta1/projects/notional-plate-266304  
 
[debug] [2020-01-26T13:10:47.671Z] <<< HTTP RESPONSE 200
[info] 
[info] === Serving from '/home/tsadpbb/csci/minnehack2020'...
[info] 
[debug] [2020-01-26T13:10:47.678Z] >>> HTTP REQUEST GET https://firebase.googleapis.com/v1beta1/projects/notional-plate-266304/webApps/-/config  
 
[debug] [2020-01-26T13:10:48.037Z] <<< HTTP RESPONSE 200
[warn] ⚠  hosting: Port 5000 is not available. Trying another port...
[info] i  hosting: Serving hosting files from: firebase
[info] ✔  hosting: Local server: http://localhost:5005
